<?xml version="1.0" encoding="UTF-8"?>
<!-- Generated by org.testng.reporters.JUnitReportReporter -->
<testsuite hostname="DESKTOP-LU23BNS" failures="0" tests="9" name="com.ghg.EngUserSector2" time="149.940" errors="0" timestamp="2021-02-15T20:27:19 EST" skipped="0">
  <testcase classname="com.ghg.EngUserSector2" name="ReportA1" time="20.543"/>
  <system-out/>
  <testcase classname="com.ghg.EngUserSector2" name="ReportA2" time="15.870"/>
  <system-out/>
  <testcase classname="com.ghg.EngUserSector2" name="ReportA3" time="17.986"/>
  <system-out/>
  <testcase classname="com.ghg.EngUserSector2" name="ReportA4" time="16.530"/>
  <system-out/>
  <testcase classname="com.ghg.EngUserSector2" name="ReportA5" time="16.457"/>
  <system-out/>
  <testcase classname="com.ghg.EngUserSector2" name="ReportA6" time="18.908"/>
  <system-out/>
  <testcase classname="com.ghg.EngUserSector2" name="ReportA7" time="14.568"/>
  <system-out/>
  <testcase classname="com.ghg.EngUserSector2" name="ReportA8" time="12.359"/>
  <system-out/>
  <testcase classname="com.ghg.EngUserSector2" name="ReportA15" time="16.719"/>
  <system-out/>
</testsuite> <!-- com.ghg.EngUserSector2 -->
