<?xml version="1.0" encoding="UTF-8"?>
<!-- Generated by org.testng.reporters.JUnitReportReporter -->
<testsuite hostname="DESKTOP-LU23BNS" failures="0" tests="3" name="com.ghg.FacilityInvestmentGrossSquareFtOtherMetricsG13" time="52.047" errors="0" timestamp="2021-03-05T10:48:17 EST" skipped="0">
  <testcase classname="com.ghg.FacilityInvestmentGrossSquareFtOtherMetricsG13" name="ReportG1" time="18.513"/>
  <system-out/>
  <testcase classname="com.ghg.FacilityInvestmentGrossSquareFtOtherMetricsG13" name="ReportG2" time="19.948"/>
  <system-out/>
  <testcase classname="com.ghg.FacilityInvestmentGrossSquareFtOtherMetricsG13" name="ReportG3" time="13.586"/>
  <system-out/>
</testsuite> <!-- com.ghg.FacilityInvestmentGrossSquareFtOtherMetricsG13 -->
