<?xml version="1.0" encoding="UTF-8"?>
<!-- Generated by org.testng.reporters.JUnitReportReporter -->
<testsuite hostname="DESKTOP-LU23BNS" failures="0" tests="3" name="com.ghg.GreenhouseGasEmission" time="44.657" errors="0" timestamp="2021-02-21T17:29:05 EST" skipped="0">
  <testcase classname="com.ghg.GreenhouseGasEmission" name="ReportE1" time="14.754"/>
  <system-out/>
  <testcase classname="com.ghg.GreenhouseGasEmission" name="ReportE2" time="15.079"/>
  <system-out/>
  <testcase classname="com.ghg.GreenhouseGasEmission" name="ReportE3" time="14.824"/>
  <system-out/>
</testsuite> <!-- com.ghg.GreenhouseGasEmission -->
