<?xml version="1.0" encoding="UTF-8"?>
<!-- Generated by org.testng.reporters.JUnitReportReporter -->
<testsuite hostname="DESKTOP-LU23BNS" failures="0" tests="6" name="com.ghg.GoalSubjectBuildings" time="129.960" errors="0" timestamp="2021-03-07T21:44:06 EST" skipped="0">
  <testcase classname="com.ghg.GoalSubjectBuildings" name="reportB1" time="20.230"/>
  <system-out/>
  <testcase classname="com.ghg.GoalSubjectBuildings" name="reportB2" time="21.723"/>
  <system-out/>
  <testcase classname="com.ghg.GoalSubjectBuildings" name="reportB3" time="21.360"/>
  <system-out/>
  <testcase classname="com.ghg.GoalSubjectBuildings" name="reportB4" time="22.066"/>
  <system-out/>
  <testcase classname="com.ghg.GoalSubjectBuildings" name="reportB5" time="23.074"/>
  <system-out/>
  <testcase classname="com.ghg.GoalSubjectBuildings" name="reportB6" time="21.507"/>
  <system-out/>
</testsuite> <!-- com.ghg.GoalSubjectBuildings -->
