<?xml version="1.0" encoding="UTF-8"?>
<!-- Generated by org.testng.reporters.JUnitReportReporter -->
<testsuite hostname="DESKTOP-LU23BNS" failures="0" tests="3" name="com.ghg.GreenhouseGasEmission" time="58.236" errors="0" timestamp="2021-03-07T21:44:06 EST" skipped="0">
  <testcase classname="com.ghg.GreenhouseGasEmission" name="ReportE1" time="14.471"/>
  <system-out/>
  <testcase classname="com.ghg.GreenhouseGasEmission" name="ReportE2" time="18.691"/>
  <system-out/>
  <testcase classname="com.ghg.GreenhouseGasEmission" name="ReportE3" time="25.074"/>
  <system-out/>
</testsuite> <!-- com.ghg.GreenhouseGasEmission -->
