<?xml version="1.0" encoding="UTF-8"?>
<!-- Generated by org.testng.reporters.JUnitReportReporter -->
<testsuite hostname="DESKTOP-LU23BNS" failures="0" tests="4" name="com.ghg.GoalExcludedFacilities" time="64.397" errors="0" timestamp="2021-02-15T21:09:20 EST" skipped="0">
  <testcase classname="com.ghg.GoalExcludedFacilities" name="ReportC1" time="14.143"/>
  <system-out/>
  <testcase classname="com.ghg.GoalExcludedFacilities" name="ReportC2" time="16.432"/>
  <system-out/>
  <testcase classname="com.ghg.GoalExcludedFacilities" name="ReportC3" time="18.160"/>
  <system-out/>
  <testcase classname="com.ghg.GoalExcludedFacilities" name="ReportC4" time="15.662"/>
  <system-out/>
</testsuite> <!-- com.ghg.GoalExcludedFacilities -->
