<?xml version="1.0" encoding="UTF-8"?>
<!-- Generated by org.testng.reporters.JUnitReportReporter -->
<testsuite hostname="DESKTOP-LU23BNS" failures="0" tests="4" name="com.ghg.GoalExcludedFacilities" time="70.266" errors="0" timestamp="2021-02-12T21:44:19 EST" skipped="0">
  <testcase classname="com.ghg.GoalExcludedFacilities" name="ReportC1" time="21.375"/>
  <system-out/>
  <testcase classname="com.ghg.GoalExcludedFacilities" name="ReportC2" time="13.613"/>
  <system-out/>
  <testcase classname="com.ghg.GoalExcludedFacilities" name="ReportC3" time="17.872"/>
  <system-out/>
  <testcase classname="com.ghg.GoalExcludedFacilities" name="ReportC4" time="17.406"/>
  <system-out/>
</testsuite> <!-- com.ghg.GoalExcludedFacilities -->
