<?xml version="1.0" encoding="UTF-8"?>
<!-- Generated by org.testng.reporters.JUnitReportReporter -->
<testsuite hostname="DESKTOP-LU23BNS" failures="0" tests="3" name="com.ghg.VehiclesandEquipmentD14" time="60.927" errors="0" timestamp="2021-02-21T17:29:05 EST" skipped="0">
  <testcase classname="com.ghg.VehiclesandEquipmentD14" name="ReportD1" time="23.079"/>
  <system-out/>
  <testcase classname="com.ghg.VehiclesandEquipmentD14" name="ReportD2" time="19.255"/>
  <system-out/>
  <testcase classname="com.ghg.VehiclesandEquipmentD14" name="ReportD3" time="18.593"/>
  <system-out/>
</testsuite> <!-- com.ghg.VehiclesandEquipmentD14 -->
