<?xml version="1.0" encoding="UTF-8"?>
<!-- Generated by org.testng.reporters.JUnitReportReporter -->
<testsuite hostname="DESKTOP-LU23BNS" failures="0" tests="4" name="com.ghg.GoalExcludedFacilities" time="108.393" errors="0" timestamp="2021-03-01T17:35:28 EST" skipped="0">
  <testcase classname="com.ghg.GoalExcludedFacilities" name="ReportC1" time="22.932"/>
  <system-out/>
  <testcase classname="com.ghg.GoalExcludedFacilities" name="ReportC2" time="22.477"/>
  <system-out/>
  <testcase classname="com.ghg.GoalExcludedFacilities" name="ReportC3" time="34.351"/>
  <system-out/>
  <testcase classname="com.ghg.GoalExcludedFacilities" name="ReportC4" time="28.633"/>
  <system-out/>
</testsuite> <!-- com.ghg.GoalExcludedFacilities -->
