<?xml version="1.0" encoding="UTF-8"?>
<!-- Generated by org.testng.reporters.JUnitReportReporter -->
<testsuite hostname="DESKTOP-LU23BNS" failures="0" tests="10" name="com.ghg.CTSlogin" time="13690.270" errors="0" timestamp="2021-02-11T15:53:14 EST" skipped="0">
  <testcase classname="com.ghg.CTSlogin" name="ctslogin" time="1226.163"/>
  <system-out/>
  <testcase classname="com.ghg.CTSlogin" name="ctslogin" time="1227.095"/>
  <system-out/>
  <testcase classname="com.ghg.CTSlogin" name="ctslogin" time="1234.263"/>
  <system-out/>
  <testcase classname="com.ghg.CTSlogin" name="ctslogin" time="1226.051"/>
  <system-out/>
  <testcase classname="com.ghg.CTSlogin" name="ctslogin" time="1228.998"/>
  <system-out/>
  <testcase classname="com.ghg.CTSlogin" name="ctslogin" time="1231.944"/>
  <system-out/>
  <testcase classname="com.ghg.CTSlogin" name="ctslogin" time="1659.837"/>
  <system-out/>
  <testcase classname="com.ghg.CTSlogin" name="ctslogin" time="1243.297"/>
  <system-out/>
  <testcase classname="com.ghg.CTSlogin" name="ctslogin" time="1223.865"/>
  <system-out/>
  <testcase classname="com.ghg.CTSlogin" name="ctslogin" time="2188.757"/>
  <system-out/>
</testsuite> <!-- com.ghg.CTSlogin -->
