<?xml version="1.0" encoding="UTF-8"?>
<!-- Generated by org.testng.reporters.JUnitReportReporter -->
<testsuite hostname="DESKTOP-LU23BNS" failures="0" tests="3" name="com.ghg.WaterUseF13" time="57.228" errors="0" timestamp="2021-02-21T17:34:26 EST" skipped="0">
  <testcase classname="com.ghg.WaterUseF13" name="ReportF1" time="18.054"/>
  <system-out/>
  <testcase classname="com.ghg.WaterUseF13" name="ReportF2" time="21.029"/>
  <system-out/>
  <testcase classname="com.ghg.WaterUseF13" name="ReportF3" time="18.145"/>
  <system-out/>
</testsuite> <!-- com.ghg.WaterUseF13 -->
