<?xml version="1.0" encoding="UTF-8"?>
<!-- Generated by org.testng.reporters.JUnitReportReporter -->
<testsuite hostname="DESKTOP-LU23BNS" failures="0" tests="6" name="com.ghg.RenewableEnergyAllEndUserSectors" time="103.889" errors="0" timestamp="2021-02-21T17:29:05 EST" skipped="0">
  <testcase classname="com.ghg.RenewableEnergyAllEndUserSectors" name="reportA9" time="16.616"/>
  <system-out/>
  <testcase classname="com.ghg.RenewableEnergyAllEndUserSectors" name="reportA10" time="17.746"/>
  <system-out/>
  <testcase classname="com.ghg.RenewableEnergyAllEndUserSectors" name="reportA11" time="17.821"/>
  <system-out/>
  <testcase classname="com.ghg.RenewableEnergyAllEndUserSectors" name="reportA12" time="16.582"/>
  <system-out/>
  <testcase classname="com.ghg.RenewableEnergyAllEndUserSectors" name="reportA13" time="18.327"/>
  <system-out/>
  <testcase classname="com.ghg.RenewableEnergyAllEndUserSectors" name="reportA14" time="16.797"/>
  <system-out/>
</testsuite> <!-- com.ghg.RenewableEnergyAllEndUserSectors -->
