<?xml version="1.0" encoding="UTF-8"?>
<!-- Generated by org.testng.reporters.JUnitReportReporter -->
<testsuite hostname="DESKTOP-LU23BNS" failures="0" tests="6" name="com.ghg.GoalSubjectBuildings" time="114.667" errors="0" timestamp="2021-03-01T17:35:28 EST" skipped="0">
  <testcase classname="com.ghg.GoalSubjectBuildings" name="reportB1" time="20.868"/>
  <system-out/>
  <testcase classname="com.ghg.GoalSubjectBuildings" name="reportB2" time="17.500"/>
  <system-out/>
  <testcase classname="com.ghg.GoalSubjectBuildings" name="reportB3" time="18.873"/>
  <system-out/>
  <testcase classname="com.ghg.GoalSubjectBuildings" name="reportB4" time="18.196"/>
  <system-out/>
  <testcase classname="com.ghg.GoalSubjectBuildings" name="reportB5" time="19.105"/>
  <system-out/>
  <testcase classname="com.ghg.GoalSubjectBuildings" name="reportB6" time="20.125"/>
  <system-out/>
</testsuite> <!-- com.ghg.GoalSubjectBuildings -->
