<?xml version="1.0" encoding="UTF-8"?>
<!-- Generated by org.testng.reporters.JUnitReportReporter -->
<testsuite hostname="DESKTOP-LU23BNS" failures="0" tests="9" name="com.ghg.EngUserSector" time="140.977" errors="0" timestamp="2021-02-21T17:29:05 EST" skipped="0">
  <testcase classname="com.ghg.EngUserSector" name="ReportA1" time="14.730"/>
  <system-out/>
  <testcase classname="com.ghg.EngUserSector" name="ReportA2" time="15.160"/>
  <system-out/>
  <testcase classname="com.ghg.EngUserSector" name="ReportA3" time="14.565"/>
  <system-out/>
  <testcase classname="com.ghg.EngUserSector" name="ReportA4" time="14.869"/>
  <system-out/>
  <testcase classname="com.ghg.EngUserSector" name="ReportA5" time="15.930"/>
  <system-out/>
  <testcase classname="com.ghg.EngUserSector" name="ReportA6" time="14.275"/>
  <system-out/>
  <testcase classname="com.ghg.EngUserSector" name="ReportA7" time="21.079"/>
  <system-out/>
  <testcase classname="com.ghg.EngUserSector" name="ReportA8" time="14.923"/>
  <system-out/>
  <testcase classname="com.ghg.EngUserSector" name="ReportA15" time="15.446"/>
  <system-out/>
</testsuite> <!-- com.ghg.EngUserSector -->
