<?xml version="1.0" encoding="UTF-8"?>
<!-- Generated by org.testng.reporters.JUnitReportReporter -->
<testsuite hostname="DESKTOP-LU23BNS" failures="0" tests="4" name="com.ghg.GoalExcludedFacilities" time="88.237" errors="0" timestamp="2021-02-21T17:29:05 EST" skipped="0">
  <testcase classname="com.ghg.GoalExcludedFacilities" name="ReportC1" time="24.204"/>
  <system-out/>
  <testcase classname="com.ghg.GoalExcludedFacilities" name="ReportC2" time="22.233"/>
  <system-out/>
  <testcase classname="com.ghg.GoalExcludedFacilities" name="ReportC3" time="21.673"/>
  <system-out/>
  <testcase classname="com.ghg.GoalExcludedFacilities" name="ReportC4" time="20.127"/>
  <system-out/>
</testsuite> <!-- com.ghg.GoalExcludedFacilities -->
