<?xml version="1.0" encoding="UTF-8"?>
<!-- Generated by org.testng.reporters.JUnitReportReporter -->
<testsuite hostname="DESKTOP-LU23BNS" failures="0" tests="6" name="com.ghg.RenewableEnergyAllEndUserSectors" time="114.536" errors="0" timestamp="2021-03-07T21:44:06 EST" skipped="0">
  <testcase classname="com.ghg.RenewableEnergyAllEndUserSectors" name="reportA9" time="23.790"/>
  <system-out/>
  <testcase classname="com.ghg.RenewableEnergyAllEndUserSectors" name="reportA10" time="17.697"/>
  <system-out/>
  <testcase classname="com.ghg.RenewableEnergyAllEndUserSectors" name="reportA11" time="19.670"/>
  <system-out/>
  <testcase classname="com.ghg.RenewableEnergyAllEndUserSectors" name="reportA12" time="19.861"/>
  <system-out/>
  <testcase classname="com.ghg.RenewableEnergyAllEndUserSectors" name="reportA13" time="17.365"/>
  <system-out/>
  <testcase classname="com.ghg.RenewableEnergyAllEndUserSectors" name="reportA14" time="16.153"/>
  <system-out/>
</testsuite> <!-- com.ghg.RenewableEnergyAllEndUserSectors -->
