<?xml version="1.0" encoding="UTF-8"?>
<!-- Generated by org.testng.reporters.JUnitReportReporter -->
<testsuite hostname="DESKTOP-LU23BNS" failures="0" tests="3" name="com.ghg.VehiclesandEquipmentD14" time="47.212" errors="0" timestamp="2021-02-12T21:59:03 EST" skipped="0">
  <testcase classname="com.ghg.VehiclesandEquipmentD14" name="ReportD1" time="17.984"/>
  <system-out/>
  <testcase classname="com.ghg.VehiclesandEquipmentD14" name="ReportD2" time="15.047"/>
  <system-out/>
  <testcase classname="com.ghg.VehiclesandEquipmentD14" name="ReportD3" time="14.181"/>
  <system-out/>
</testsuite> <!-- com.ghg.VehiclesandEquipmentD14 -->
