<?xml version="1.0" encoding="UTF-8"?>
<!-- Generated by org.testng.reporters.JUnitReportReporter -->
<testsuite hostname="DESKTOP-LU23BNS" failures="0" tests="6" name="com.ghg.GoalSubjectBuildings" time="111.661" errors="0" timestamp="2021-02-12T22:24:27 EST" skipped="0">
  <testcase classname="com.ghg.GoalSubjectBuildings" name="reportB1" time="20.486"/>
  <system-out/>
  <testcase classname="com.ghg.GoalSubjectBuildings" name="reportB2" time="16.809"/>
  <system-out/>
  <testcase classname="com.ghg.GoalSubjectBuildings" name="reportB3" time="19.693"/>
  <system-out/>
  <testcase classname="com.ghg.GoalSubjectBuildings" name="reportB4" time="20.295"/>
  <system-out/>
  <testcase classname="com.ghg.GoalSubjectBuildings" name="reportB5" time="20.189"/>
  <system-out/>
  <testcase classname="com.ghg.GoalSubjectBuildings" name="reportB6" time="14.189"/>
  <system-out/>
</testsuite> <!-- com.ghg.GoalSubjectBuildings -->
