<?xml version="1.0" encoding="UTF-8"?>
<!-- Generated by org.testng.reporters.JUnitReportReporter -->
<testsuite hostname="DESKTOP-LU23BNS" failures="0" tests="9" name="com.ghg.EngUserSector" time="150.393" errors="0" timestamp="2021-02-12T22:24:27 EST" skipped="0">
  <testcase classname="com.ghg.EngUserSector" name="ReportA5" time="17.536"/>
  <system-out/>
  <testcase classname="com.ghg.EngUserSector" name="ReportA1" time="17.373"/>
  <system-out/>
  <testcase classname="com.ghg.EngUserSector" name="ReportA6" time="18.308"/>
  <system-out/>
  <testcase classname="com.ghg.EngUserSector" name="ReportA8" time="14.766"/>
  <system-out/>
  <testcase classname="com.ghg.EngUserSector" name="ReportA2" time="17.973"/>
  <system-out/>
  <testcase classname="com.ghg.EngUserSector" name="ReportA7" time="16.015"/>
  <system-out/>
  <testcase classname="com.ghg.EngUserSector" name="ReportA3" time="17.942"/>
  <system-out/>
  <testcase classname="com.ghg.EngUserSector" name="ReportA15" time="14.757"/>
  <system-out/>
  <testcase classname="com.ghg.EngUserSector" name="ReportA4" time="15.723"/>
  <system-out/>
</testsuite> <!-- com.ghg.EngUserSector -->
