<?xml version="1.0" encoding="UTF-8"?>
<!-- Generated by org.testng.reporters.JUnitReportReporter -->
<testsuite hostname="DESKTOP-LU23BNS" failures="0" tests="3" name="com.ghg.FacilityInvestmentGrossSquareFtOtherMetricsG13" time="77.494" errors="0" timestamp="2021-03-07T21:44:06 EST" skipped="0">
  <testcase classname="com.ghg.FacilityInvestmentGrossSquareFtOtherMetricsG13" name="ReportG1" time="25.014"/>
  <system-out/>
  <testcase classname="com.ghg.FacilityInvestmentGrossSquareFtOtherMetricsG13" name="ReportG2" time="21.827"/>
  <system-out/>
  <testcase classname="com.ghg.FacilityInvestmentGrossSquareFtOtherMetricsG13" name="ReportG3" time="30.653"/>
  <system-out/>
</testsuite> <!-- com.ghg.FacilityInvestmentGrossSquareFtOtherMetricsG13 -->
