<?xml version="1.0" encoding="UTF-8"?>
<!-- Generated by org.testng.reporters.JUnitReportReporter -->
<testsuite hostname="DESKTOP-LU23BNS" failures="0" tests="6" name="com.ghg.RenewableEnergyAllEndUserSectors" time="110.536" errors="0" timestamp="2021-03-01T17:35:28 EST" skipped="0">
  <testcase classname="com.ghg.RenewableEnergyAllEndUserSectors" name="reportA9" time="18.561"/>
  <system-out/>
  <testcase classname="com.ghg.RenewableEnergyAllEndUserSectors" name="reportA10" time="19.569"/>
  <system-out/>
  <testcase classname="com.ghg.RenewableEnergyAllEndUserSectors" name="reportA11" time="18.367"/>
  <system-out/>
  <testcase classname="com.ghg.RenewableEnergyAllEndUserSectors" name="reportA12" time="18.269"/>
  <system-out/>
  <testcase classname="com.ghg.RenewableEnergyAllEndUserSectors" name="reportA13" time="17.970"/>
  <system-out/>
  <testcase classname="com.ghg.RenewableEnergyAllEndUserSectors" name="reportA14" time="17.800"/>
  <system-out/>
</testsuite> <!-- com.ghg.RenewableEnergyAllEndUserSectors -->
