<?xml version="1.0" encoding="UTF-8"?>
<!-- Generated by org.testng.reporters.JUnitReportReporter -->
<testsuite hostname="DESKTOP-LU23BNS" failures="0" tests="9" name="com.ghg.EngUserSector" time="142.567" errors="0" timestamp="2021-03-01T17:35:28 EST" skipped="0">
  <testcase classname="com.ghg.EngUserSector" name="ReportA1" time="16.528"/>
  <system-out/>
  <testcase classname="com.ghg.EngUserSector" name="ReportA2" time="14.960"/>
  <system-out/>
  <testcase classname="com.ghg.EngUserSector" name="ReportA3" time="15.395"/>
  <system-out/>
  <testcase classname="com.ghg.EngUserSector" name="ReportA4" time="17.008"/>
  <system-out/>
  <testcase classname="com.ghg.EngUserSector" name="ReportA5" time="16.312"/>
  <system-out/>
  <testcase classname="com.ghg.EngUserSector" name="ReportA6" time="15.191"/>
  <system-out/>
  <testcase classname="com.ghg.EngUserSector" name="ReportA7" time="15.826"/>
  <system-out/>
  <testcase classname="com.ghg.EngUserSector" name="ReportA8" time="15.027"/>
  <system-out/>
  <testcase classname="com.ghg.EngUserSector" name="ReportA15" time="16.320"/>
  <system-out/>
</testsuite> <!-- com.ghg.EngUserSector -->
