<?xml version="1.0" encoding="UTF-8"?>
<!-- Generated by org.testng.reporters.JUnitReportReporter -->
<testsuite hostname="DESKTOP-LU23BNS" failures="0" tests="3" name="com.ghg.GreenhouseGasEmission" time="48.686" errors="0" timestamp="2021-02-15T21:16:51 EST" skipped="0">
  <testcase classname="com.ghg.GreenhouseGasEmission" name="ReportE1" time="16.797"/>
  <system-out/>
  <testcase classname="com.ghg.GreenhouseGasEmission" name="ReportE2" time="16.175"/>
  <system-out/>
  <testcase classname="com.ghg.GreenhouseGasEmission" name="ReportE3" time="15.714"/>
  <system-out/>
</testsuite> <!-- com.ghg.GreenhouseGasEmission -->
