<?xml version="1.0" encoding="UTF-8"?>
<!-- Generated by org.testng.reporters.JUnitReportReporter -->
<testsuite hostname="DESKTOP-LU23BNS" failures="0" tests="6" name="com.ghg.GoalSubjectBuildings" time="109.658" errors="0" timestamp="2021-02-21T17:29:05 EST" skipped="0">
  <testcase classname="com.ghg.GoalSubjectBuildings" name="reportB1" time="17.797"/>
  <system-out/>
  <testcase classname="com.ghg.GoalSubjectBuildings" name="reportB2" time="19.497"/>
  <system-out/>
  <testcase classname="com.ghg.GoalSubjectBuildings" name="reportB3" time="17.460"/>
  <system-out/>
  <testcase classname="com.ghg.GoalSubjectBuildings" name="reportB4" time="19.116"/>
  <system-out/>
  <testcase classname="com.ghg.GoalSubjectBuildings" name="reportB5" time="17.597"/>
  <system-out/>
  <testcase classname="com.ghg.GoalSubjectBuildings" name="reportB6" time="18.191"/>
  <system-out/>
</testsuite> <!-- com.ghg.GoalSubjectBuildings -->
