<?xml version="1.0" encoding="UTF-8"?>
<!-- Generated by org.testng.reporters.JUnitReportReporter -->
<testsuite hostname="DESKTOP-LU23BNS" failures="0" tests="4" name="com.ghg.GoalExcludedFacilities" time="86.499" errors="0" timestamp="2021-03-07T21:44:06 EST" skipped="0">
  <testcase classname="com.ghg.GoalExcludedFacilities" name="ReportC1" time="20.231"/>
  <system-out/>
  <testcase classname="com.ghg.GoalExcludedFacilities" name="ReportC2" time="17.575"/>
  <system-out/>
  <testcase classname="com.ghg.GoalExcludedFacilities" name="ReportC3" time="22.661"/>
  <system-out/>
  <testcase classname="com.ghg.GoalExcludedFacilities" name="ReportC4" time="26.032"/>
  <system-out/>
</testsuite> <!-- com.ghg.GoalExcludedFacilities -->
