<?xml version="1.0" encoding="UTF-8"?>
<!-- Generated by org.testng.reporters.JUnitReportReporter -->
<testsuite hostname="DESKTOP-LU23BNS" failures="0" tests="3" name="com.ghg.VehiclesandEquipmentD14" time="54.100" errors="0" timestamp="2021-03-01T17:35:28 EST" skipped="0">
  <testcase classname="com.ghg.VehiclesandEquipmentD14" name="ReportD1" time="17.608"/>
  <system-out/>
  <testcase classname="com.ghg.VehiclesandEquipmentD14" name="ReportD2" time="18.587"/>
  <system-out/>
  <testcase classname="com.ghg.VehiclesandEquipmentD14" name="ReportD3" time="17.905"/>
  <system-out/>
</testsuite> <!-- com.ghg.VehiclesandEquipmentD14 -->
