<?xml version="1.0" encoding="UTF-8"?>
<!-- Generated by org.testng.reporters.JUnitReportReporter -->
<testsuite hostname="DESKTOP-LU23BNS" failures="0" tests="3" name="com.ghg.WaterUseF13" time="56.457" errors="0" timestamp="2021-03-01T17:35:28 EST" skipped="0">
  <testcase classname="com.ghg.WaterUseF13" name="ReportF1" time="17.781"/>
  <system-out/>
  <testcase classname="com.ghg.WaterUseF13" name="ReportF2" time="20.533"/>
  <system-out/>
  <testcase classname="com.ghg.WaterUseF13" name="ReportF3" time="18.143"/>
  <system-out/>
</testsuite> <!-- com.ghg.WaterUseF13 -->
