<?xml version="1.0" encoding="UTF-8"?>
<!-- Generated by org.testng.reporters.JUnitReportReporter -->
<testsuite hostname="DESKTOP-LU23BNS" failures="0" tests="9" name="com.ghg.EngUserSector" time="134.541" errors="0" timestamp="2021-02-15T21:09:20 EST" skipped="0">
  <testcase classname="com.ghg.EngUserSector" name="ReportA1" time="12.446"/>
  <system-out/>
  <testcase classname="com.ghg.EngUserSector" name="ReportA2" time="11.876"/>
  <system-out/>
  <testcase classname="com.ghg.EngUserSector" name="ReportA3" time="16.497"/>
  <system-out/>
  <testcase classname="com.ghg.EngUserSector" name="ReportA4" time="11.878"/>
  <system-out/>
  <testcase classname="com.ghg.EngUserSector" name="ReportA5" time="15.507"/>
  <system-out/>
  <testcase classname="com.ghg.EngUserSector" name="ReportA6" time="17.759"/>
  <system-out/>
  <testcase classname="com.ghg.EngUserSector" name="ReportA7" time="11.967"/>
  <system-out/>
  <testcase classname="com.ghg.EngUserSector" name="ReportA8" time="18.530"/>
  <system-out/>
  <testcase classname="com.ghg.EngUserSector" name="ReportA15" time="18.081"/>
  <system-out/>
</testsuite> <!-- com.ghg.EngUserSector -->
