<?xml version="1.0" encoding="UTF-8"?>
<!-- Generated by org.testng.reporters.JUnitReportReporter -->
<testsuite hostname="DESKTOP-LU23BNS" failures="0" tests="3" name="com.ghg.GreenhouseGasEmission" time="46.943" errors="0" timestamp="2021-03-01T17:35:28 EST" skipped="0">
  <testcase classname="com.ghg.GreenhouseGasEmission" name="ReportE1" time="15.767"/>
  <system-out/>
  <testcase classname="com.ghg.GreenhouseGasEmission" name="ReportE2" time="14.893"/>
  <system-out/>
  <testcase classname="com.ghg.GreenhouseGasEmission" name="ReportE3" time="16.283"/>
  <system-out/>
</testsuite> <!-- com.ghg.GreenhouseGasEmission -->
