<?xml version="1.0" encoding="UTF-8"?>
<!-- Generated by org.testng.reporters.JUnitReportReporter -->
<testsuite hostname="DESKTOP-LU23BNS" failures="0" tests="6" name="com.ghg.RenewableEnergyAllEndUserSectors" time="101.272" errors="0" timestamp="2021-02-15T21:09:20 EST" skipped="0">
  <testcase classname="com.ghg.RenewableEnergyAllEndUserSectors" name="reportA9" time="16.093"/>
  <system-out/>
  <testcase classname="com.ghg.RenewableEnergyAllEndUserSectors" name="reportA10" time="16.842"/>
  <system-out/>
  <testcase classname="com.ghg.RenewableEnergyAllEndUserSectors" name="reportA11" time="17.928"/>
  <system-out/>
  <testcase classname="com.ghg.RenewableEnergyAllEndUserSectors" name="reportA12" time="16.113"/>
  <system-out/>
  <testcase classname="com.ghg.RenewableEnergyAllEndUserSectors" name="reportA13" time="18.117"/>
  <system-out/>
  <testcase classname="com.ghg.RenewableEnergyAllEndUserSectors" name="reportA14" time="16.179"/>
  <system-out/>
</testsuite> <!-- com.ghg.RenewableEnergyAllEndUserSectors -->
