<?xml version="1.0" encoding="UTF-8"?>
<!-- Generated by org.testng.reporters.JUnitReportReporter -->
<testsuite hostname="DESKTOP-LU23BNS" failures="0" tests="3" name="com.ghg.VehiclesandEquipmentD14" time="59.169" errors="0" timestamp="2021-03-07T21:44:06 EST" skipped="0">
  <testcase classname="com.ghg.VehiclesandEquipmentD14" name="ReportD1" time="20.685"/>
  <system-out/>
  <testcase classname="com.ghg.VehiclesandEquipmentD14" name="ReportD2" time="18.472"/>
  <system-out/>
  <testcase classname="com.ghg.VehiclesandEquipmentD14" name="ReportD3" time="20.012"/>
  <system-out/>
</testsuite> <!-- com.ghg.VehiclesandEquipmentD14 -->
