<?xml version="1.0" encoding="UTF-8"?>
<!-- Generated by org.testng.reporters.JUnitReportReporter -->
<testsuite hostname="DESKTOP-LU23BNS" failures="0" tests="6" name="com.ghg.RenewableEnergyAllEndUserSectors" time="113.510" errors="0" timestamp="2021-02-12T22:24:27 EST" skipped="0">
  <testcase classname="com.ghg.RenewableEnergyAllEndUserSectors" name="reportA9" time="20.719"/>
  <system-out/>
  <testcase classname="com.ghg.RenewableEnergyAllEndUserSectors" name="reportA10" time="15.763"/>
  <system-out/>
  <testcase classname="com.ghg.RenewableEnergyAllEndUserSectors" name="reportA11" time="17.904"/>
  <system-out/>
  <testcase classname="com.ghg.RenewableEnergyAllEndUserSectors" name="reportA12" time="18.333"/>
  <system-out/>
  <testcase classname="com.ghg.RenewableEnergyAllEndUserSectors" name="reportA13" time="21.312"/>
  <system-out/>
  <testcase classname="com.ghg.RenewableEnergyAllEndUserSectors" name="reportA14" time="19.479"/>
  <system-out/>
</testsuite> <!-- com.ghg.RenewableEnergyAllEndUserSectors -->
