<?xml version="1.0" encoding="UTF-8"?>
<!-- Generated by org.testng.reporters.JUnitReportReporter -->
<testsuite hostname="DESKTOP-LU23BNS" failures="0" tests="9" name="com.ghg.EngUserSector" time="149.829" errors="0" timestamp="2021-03-07T21:44:06 EST" skipped="0">
  <testcase classname="com.ghg.EngUserSector" name="ReportA1" time="18.432"/>
  <system-out/>
  <testcase classname="com.ghg.EngUserSector" name="ReportA2" time="17.302"/>
  <system-out/>
  <testcase classname="com.ghg.EngUserSector" name="ReportA3" time="15.697"/>
  <system-out/>
  <testcase classname="com.ghg.EngUserSector" name="ReportA4" time="16.459"/>
  <system-out/>
  <testcase classname="com.ghg.EngUserSector" name="ReportA5" time="16.618"/>
  <system-out/>
  <testcase classname="com.ghg.EngUserSector" name="ReportA6" time="13.749"/>
  <system-out/>
  <testcase classname="com.ghg.EngUserSector" name="ReportA7" time="16.164"/>
  <system-out/>
  <testcase classname="com.ghg.EngUserSector" name="ReportA8" time="15.845"/>
  <system-out/>
  <testcase classname="com.ghg.EngUserSector" name="ReportA15" time="19.563"/>
  <system-out/>
</testsuite> <!-- com.ghg.EngUserSector -->
