<?xml version="1.0" encoding="UTF-8"?>
<!-- Generated by org.testng.reporters.JUnitReportReporter -->
<testsuite hostname="DESKTOP-LU23BNS" failures="0" tests="3" name="com.ghg.WaterUseF13" time="65.953" errors="0" timestamp="2021-03-07T21:44:06 EST" skipped="0">
  <testcase classname="com.ghg.WaterUseF13" name="ReportD1" time="20.978"/>
  <system-out/>
  <testcase classname="com.ghg.WaterUseF13" name="ReportF2" time="20.920"/>
  <system-out/>
  <testcase classname="com.ghg.WaterUseF13" name="ReportF3" time="24.055"/>
  <system-out/>
</testsuite> <!-- com.ghg.WaterUseF13 -->
