<?xml version="1.0" encoding="UTF-8"?>
<!-- Generated by org.testng.reporters.JUnitReportReporter -->
<testsuite hostname="DESKTOP-LU23BNS" failures="0" tests="6" name="com.ghg.GoalSubjectBuildings" time="97.239" errors="0" timestamp="2021-02-15T21:09:20 EST" skipped="0">
  <testcase classname="com.ghg.GoalSubjectBuildings" name="reportB1" time="15.879"/>
  <system-out/>
  <testcase classname="com.ghg.GoalSubjectBuildings" name="reportB2" time="16.093"/>
  <system-out/>
  <testcase classname="com.ghg.GoalSubjectBuildings" name="reportB3" time="17.728"/>
  <system-out/>
  <testcase classname="com.ghg.GoalSubjectBuildings" name="reportB4" time="16.048"/>
  <system-out/>
  <testcase classname="com.ghg.GoalSubjectBuildings" name="reportB5" time="16.110"/>
  <system-out/>
  <testcase classname="com.ghg.GoalSubjectBuildings" name="reportB6" time="15.381"/>
  <system-out/>
</testsuite> <!-- com.ghg.GoalSubjectBuildings -->
